Build started 13/09/2015 20:25:43.
     1>Project "c:\Users\Francois\documents\visual studio 2015\Projects\Makery\Makery\Makery.vcxproj" on node 2 (Build target(s)).
     1>ClCompile:
         C:\Program Files (x86)\Microsoft Visual Studio 14.0\VC\bin\CL.exe /c /Zi /nologo /W3 /WX- /sdl /Od /Oy- /GL /D WIN32 /D _DEBUG /D _WINDOWS /D _UNICODE /D UNICODE /Gm- /EHsc /RTC1 /MDd /GS /fp:precise /Zc:wchar_t /Zc:forScope /Zc:inline /GR /Fo"Debug\\" /Fd"Debug\vc140.pdb" /doc"Debug\\" /Gd /TP /analyze- /errorReport:prompt Circle.cpp
         Circle.cpp
       Link:
         C:\Program Files (x86)\Microsoft Visual Studio 14.0\VC\bin\link.exe /ERRORREPORT:PROMPT /OUT:"c:\users\francois\documents\visual studio 2015\Projects\Makery\Debug\Makery.exe" /INCREMENTAL:NO /NOLOGO kernel32.lib user32.lib gdi32.lib winspool.lib comdlg32.lib advapi32.lib shell32.lib ole32.lib oleaut32.lib uuid.lib odbc32.lib odbccp32.lib /MANIFEST /MANIFESTUAC:"level='asInvoker' uiAccess='false'" /manifest:embed /Debug /PDB:"c:\users\francois\documents\visual studio 2015\Projects\Makery\Debug\Makery.pdb" /SUBSYSTEM:WINDOWS /LTCG /TLBID:1 /DYNAMICBASE /NXCOMPAT /IMPLIB:"c:\users\francois\documents\visual studio 2015\Projects\Makery\Debug\Makery.lib" /MACHINE:X86 Debug\Makery.res
         Debug\Circle.obj
         Debug\Diagram.obj
         Debug\Drawable.obj
         Debug\GdiRenderer.obj
         Debug\Makery.obj
         Debug\Point.obj
         Debug\Polygon.obj
         Debug\Rectangle.obj
         Debug\Renderer.obj
         Debug\Scaled.obj
         Debug\ScaledRenderer.obj
         Debug\TestRenderer.obj
         Generating code
         Finished generating code
         Makery.vcxproj -> c:\users\francois\documents\visual studio 2015\Projects\Makery\Debug\Makery.exe
       XdcMake:
         C:\Program Files (x86)\Microsoft Visual Studio 14.0\VC\bin\xdcmake.exe /old "Makery" /nologo /Fo"c:\users\francois\documents\visual studio 2015\Projects\Makery\Debug\Makery.xml" /FsDebug\Circle.xdc /FsDebug\Diagram.xdc /FsDebug\Drawable.xdc /FsDebug\GdiRenderer.xdc /FsDebug\Makery.xdc /FsDebug\Point.xdc /FsDebug\Polygon.xdc /FsDebug\Rectangle.xdc /FsDebug\Renderer.xdc /FsDebug\Scaled.xdc /FsDebug\ScaledRenderer.xdc /FsDebug\TestRenderer.xdc
     1>Done Building Project "c:\Users\Francois\documents\visual studio 2015\Projects\Makery\Makery\Makery.vcxproj" (Build target(s)).

Build succeeded.

Time Elapsed 00:00:00.79
