c:\users\francois\documents\visual studio 2015\projects\makery\makery\debug\vc140.pdb
c:\users\francois\documents\visual studio 2015\projects\makery\makery\debug\point.xdc
c:\users\francois\documents\visual studio 2015\projects\makery\makery\debug\renderer.xdc
c:\users\francois\documents\visual studio 2015\projects\makery\makery\debug\renderer.obj
c:\users\francois\documents\visual studio 2015\projects\makery\makery\debug\point.obj
c:\users\francois\documents\visual studio 2015\projects\makery\makery\debug\drawable.xdc
c:\users\francois\documents\visual studio 2015\projects\makery\makery\debug\drawable.obj
c:\users\francois\documents\visual studio 2015\projects\makery\makery\debug\testrenderer.xdc
c:\users\francois\documents\visual studio 2015\projects\makery\makery\debug\testrenderer.obj
c:\users\francois\documents\visual studio 2015\projects\makery\makery\debug\polygon.xdc
c:\users\francois\documents\visual studio 2015\projects\makery\makery\debug\polygon.obj
c:\users\francois\documents\visual studio 2015\projects\makery\makery\debug\circle.xdc
c:\users\francois\documents\visual studio 2015\projects\makery\makery\debug\circle.obj
c:\users\francois\documents\visual studio 2015\projects\makery\makery\debug\diagram.xdc
c:\users\francois\documents\visual studio 2015\projects\makery\makery\debug\diagram.obj
c:\users\francois\documents\visual studio 2015\projects\makery\makery\debug\makery.xdc
c:\users\francois\documents\visual studio 2015\projects\makery\makery\debug\makery.obj
c:\users\francois\documents\visual studio 2015\projects\makery\makery\debug\scaledrenderer.xdc
c:\users\francois\documents\visual studio 2015\projects\makery\makery\debug\scaledrenderer.obj
c:\users\francois\documents\visual studio 2015\projects\makery\makery\debug\scaled.xdc
c:\users\francois\documents\visual studio 2015\projects\makery\makery\debug\scaled.obj
c:\users\francois\documents\visual studio 2015\projects\makery\debug\makery.exe
c:\users\francois\documents\visual studio 2015\projects\makery\debug\makery.pdb
c:\users\francois\documents\visual studio 2015\projects\makery\makery\debug\makery.res
c:\users\francois\documents\visual studio 2015\projects\makery\debug\makery.xml
c:\users\francois\documents\visual studio 2015\projects\makery\makery\debug\makery.tlog\cl.command.1.tlog
c:\users\francois\documents\visual studio 2015\projects\makery\makery\debug\makery.tlog\cl.read.1.tlog
c:\users\francois\documents\visual studio 2015\projects\makery\makery\debug\makery.tlog\cl.write.1.tlog
c:\users\francois\documents\visual studio 2015\projects\makery\makery\debug\makery.tlog\link.command.1.tlog
c:\users\francois\documents\visual studio 2015\projects\makery\makery\debug\makery.tlog\link.read.1.tlog
c:\users\francois\documents\visual studio 2015\projects\makery\makery\debug\makery.tlog\link.write.1.tlog
c:\users\francois\documents\visual studio 2015\projects\makery\makery\debug\makery.tlog\rc.command.1.tlog
c:\users\francois\documents\visual studio 2015\projects\makery\makery\debug\makery.tlog\rc.read.1.tlog
c:\users\francois\documents\visual studio 2015\projects\makery\makery\debug\makery.tlog\rc.write.1.tlog
c:\users\francois\documents\visual studio 2015\projects\makery\makery\debug\makery.tlog\xdcmake.command.1.tlog
c:\users\francois\documents\visual studio 2015\projects\makery\makery\debug\makery.tlog\xdcmake.read.1.tlog
c:\users\francois\documents\visual studio 2015\projects\makery\makery\debug\makery.tlog\xdcmake.write.1.tlog
